2021/12/10 17:48:10 [error] [exception.CException] CException: Property "CWebApplication.path" is not defined. in C:\Users\pedri\yii\framework\base\CComponent.php:130
Stack trace:
#0 C:\Users\pedri\yii\framework\base\CModule.php(105): CComponent->__get('path')
#1 C:\wamp\www\Booking\protected\views\layouts\main.php(13): CModule->__get('path')
#2 C:\Users\pedri\yii\framework\web\CBaseController.php(126): require('C:\\wamp\\www\\Boo...')
#3 C:\Users\pedri\yii\framework\web\CBaseController.php(95): CBaseController->renderInternal('C:\\wamp\\www\\Boo...', Array, true)
#4 C:\Users\pedri\yii\framework\web\widgets\CContentDecorator.php(76): CBaseController->renderFile('C:\\wamp\\www\\Boo...', Array, true)
#5 C:\Users\pedri\yii\framework\web\widgets\CContentDecorator.php(54): CContentDecorator->decorate('<div id="conten...')
#6 C:\Users\pedri\yii\framework\web\widgets\COutputProcessor.php(44): CContentDecorator->processOutput('<div id="conten...')
#7 C:\Users\pedri\yii\framework\web\CBaseController.php(215): COutputProcessor->run()
#8 C:\Users\pedri\yii\framework\web\CBaseController.php(309): CBaseController->endWidget('CContentDecorat...')
#9 C:\wamp\www\Booking\protected\views\layouts\column1.php(6): CBaseController->endContent()
#10 C:\Users\pedri\yii\framework\web\CBaseController.php(126): require('C:\\wamp\\www\\Boo...')
#11 C:\Users\pedri\yii\framework\web\CBaseController.php(95): CBaseController->renderInternal('C:\\wamp\\www\\Boo...', Array, true)
#12 C:\Users\pedri\yii\framework\web\CController.php(787): CBaseController->renderFile('C:\\wamp\\www\\Boo...', Array, true)
#13 C:\wamp\www\Booking\protected\controllers\SiteController.php(98): CController->render('login', Array)
#14 C:\Users\pedri\yii\framework\web\actions\CInlineAction.php(49): SiteController->actionLogin()
#15 C:\Users\pedri\yii\framework\web\CController.php(308): CInlineAction->runWithParams(Array)
#16 C:\Users\pedri\yii\framework\web\CController.php(286): CController->runAction(Object(CInlineAction))
#17 C:\Users\pedri\yii\framework\web\CController.php(265): CController->runActionWithFilters(Object(CInlineAction), Array)
#18 C:\Users\pedri\yii\framework\web\CWebApplication.php(282): CController->run('login')
#19 C:\Users\pedri\yii\framework\web\CWebApplication.php(141): CWebApplication->runController('site/login')
#20 C:\Users\pedri\yii\framework\base\CApplication.php(185): CWebApplication->processRequest()
#21 C:\wamp\www\Booking\index.php(13): CApplication->run()
#22 {main}
REQUEST_URI=/booking/index.php?r=site/login
HTTP_REFERER=http://localhost/booking/
---
2021/12/10 17:49:45 [error] [exception.Error] Error: Undefined class constant 'getPathOfAlias' in C:\wamp\www\Booking\protected\views\layouts\main.php:13
Stack trace:
#0 C:\Users\pedri\yii\framework\web\CBaseController.php(126): require()
#1 C:\Users\pedri\yii\framework\web\CBaseController.php(95): CBaseController->renderInternal('C:\\wamp\\www\\Boo...', Array, true)
#2 C:\Users\pedri\yii\framework\web\widgets\CContentDecorator.php(76): CBaseController->renderFile('C:\\wamp\\www\\Boo...', Array, true)
#3 C:\Users\pedri\yii\framework\web\widgets\CContentDecorator.php(54): CContentDecorator->decorate('<div id="conten...')
#4 C:\Users\pedri\yii\framework\web\widgets\COutputProcessor.php(44): CContentDecorator->processOutput('<div id="conten...')
#5 C:\Users\pedri\yii\framework\web\CBaseController.php(215): COutputProcessor->run()
#6 C:\Users\pedri\yii\framework\web\CBaseController.php(309): CBaseController->endWidget('CContentDecorat...')
#7 C:\wamp\www\Booking\protected\views\layouts\column1.php(6): CBaseController->endContent()
#8 C:\Users\pedri\yii\framework\web\CBaseController.php(126): require('C:\\wamp\\www\\Boo...')
#9 C:\Users\pedri\yii\framework\web\CBaseController.php(95): CBaseController->renderInternal('C:\\wamp\\www\\Boo...', Array, true)
#10 C:\Users\pedri\yii\framework\web\CController.php(787): CBaseController->renderFile('C:\\wamp\\www\\Boo...', Array, true)
#11 C:\wamp\www\Booking\protected\controllers\SiteController.php(98): CController->render('login', Array)
#12 C:\Users\pedri\yii\framework\web\actions\CInlineAction.php(49): SiteController->actionLogin()
#13 C:\Users\pedri\yii\framework\web\CController.php(308): CInlineAction->runWithParams(Array)
#14 C:\Users\pedri\yii\framework\web\CController.php(286): CController->runAction(Object(CInlineAction))
#15 C:\Users\pedri\yii\framework\web\CController.php(265): CController->runActionWithFilters(Object(CInlineAction), Array)
#16 C:\Users\pedri\yii\framework\web\CWebApplication.php(282): CController->run('login')
#17 C:\Users\pedri\yii\framework\web\CWebApplication.php(141): CWebApplication->runController('site/login')
#18 C:\Users\pedri\yii\framework\base\CApplication.php(185): CWebApplication->processRequest()
#19 C:\wamp\www\Booking\index.php(13): CApplication->run()
#20 {main}
REQUEST_URI=/booking/index.php?r=site/login
HTTP_REFERER=http://localhost/booking/
---
2021/12/10 17:49:50 [error] [exception.ArgumentCountError] ArgumentCountError: Too few arguments to function YiiBase::getPathOfAlias(), 0 passed in C:\wamp\www\Booking\protected\views\layouts\main.php on line 13 and exactly 1 expected in C:\Users\pedri\yii\framework\YiiBase.php:366
Stack trace:
#0 C:\wamp\www\Booking\protected\views\layouts\main.php(13): YiiBase::getPathOfAlias()
#1 C:\Users\pedri\yii\framework\web\CBaseController.php(126): require('C:\\wamp\\www\\Boo...')
#2 C:\Users\pedri\yii\framework\web\CBaseController.php(95): CBaseController->renderInternal('C:\\wamp\\www\\Boo...', Array, true)
#3 C:\Users\pedri\yii\framework\web\widgets\CContentDecorator.php(76): CBaseController->renderFile('C:\\wamp\\www\\Boo...', Array, true)
#4 C:\Users\pedri\yii\framework\web\widgets\CContentDecorator.php(54): CContentDecorator->decorate('<div id="conten...')
#5 C:\Users\pedri\yii\framework\web\widgets\COutputProcessor.php(44): CContentDecorator->processOutput('<div id="conten...')
#6 C:\Users\pedri\yii\framework\web\CBaseController.php(215): COutputProcessor->run()
#7 C:\Users\pedri\yii\framework\web\CBaseController.php(309): CBaseController->endWidget('CContentDecorat...')
#8 C:\wamp\www\Booking\protected\views\layouts\column1.php(6): CBaseController->endContent()
#9 C:\Users\pedri\yii\framework\web\CBaseController.php(126): require('C:\\wamp\\www\\Boo...')
#10 C:\Users\pedri\yii\framework\web\CBaseController.php(95): CBaseController->renderInternal('C:\\wamp\\www\\Boo...', Array, true)
#11 C:\Users\pedri\yii\framework\web\CController.php(787): CBaseController->renderFile('C:\\wamp\\www\\Boo...', Array, true)
#12 C:\wamp\www\Booking\protected\controllers\SiteController.php(98): CController->render('login', Array)
#13 C:\Users\pedri\yii\framework\web\actions\CInlineAction.php(49): SiteController->actionLogin()
#14 C:\Users\pedri\yii\framework\web\CController.php(308): CInlineAction->runWithParams(Array)
#15 C:\Users\pedri\yii\framework\web\CController.php(286): CController->runAction(Object(CInlineAction))
#16 C:\Users\pedri\yii\framework\web\CController.php(265): CController->runActionWithFilters(Object(CInlineAction), Array)
#17 C:\Users\pedri\yii\framework\web\CWebApplication.php(282): CController->run('login')
#18 C:\Users\pedri\yii\framework\web\CWebApplication.php(141): CWebApplication->runController('site/login')
#19 C:\Users\pedri\yii\framework\base\CApplication.php(185): CWebApplication->processRequest()
#20 C:\wamp\www\Booking\index.php(13): CApplication->run()
#21 {main}
REQUEST_URI=/booking/index.php?r=site/login
HTTP_REFERER=http://localhost/booking/
---
2021/12/10 18:00:17 [error] [php] include(Url.php): failed to open stream: No such file or directory (C:\Users\pedri\yii\framework\YiiBase.php:463)
Stack trace:
#0 C:\Users\pedri\yii\framework\YiiBase.php(463): include()
#1 unknown(0): autoload()
#2 C:\wamp\www\Booking\protected\views\layouts\main.php(13): spl_autoload_call()
#3 C:\Users\pedri\yii\framework\web\CBaseController.php(126): require()
#4 C:\Users\pedri\yii\framework\web\CBaseController.php(95): SiteController->renderInternal()
#5 C:\Users\pedri\yii\framework\web\widgets\CContentDecorator.php(76): SiteController->renderFile()
#6 C:\Users\pedri\yii\framework\web\widgets\CContentDecorator.php(54): CContentDecorator->decorate()
#7 C:\Users\pedri\yii\framework\web\widgets\COutputProcessor.php(44): CContentDecorator->processOutput()
#8 C:\Users\pedri\yii\framework\web\CBaseController.php(215): CContentDecorator->run()
#9 C:\Users\pedri\yii\framework\web\CBaseController.php(309): SiteController->endWidget()
#10 C:\wamp\www\Booking\protected\views\layouts\column1.php(6): SiteController->endContent()
#11 C:\Users\pedri\yii\framework\web\CBaseController.php(126): require()
#12 C:\Users\pedri\yii\framework\web\CBaseController.php(95): SiteController->renderInternal()
#13 C:\Users\pedri\yii\framework\web\CController.php(787): SiteController->renderFile()
#14 C:\wamp\www\Booking\protected\controllers\SiteController.php(98): SiteController->render()
#15 C:\Users\pedri\yii\framework\web\actions\CInlineAction.php(49): SiteController->actionLogin()
#16 C:\Users\pedri\yii\framework\web\CController.php(308): CInlineAction->runWithParams()
#17 C:\Users\pedri\yii\framework\web\CController.php(286): SiteController->runAction()
#18 C:\Users\pedri\yii\framework\web\CController.php(265): SiteController->runActionWithFilters()
#19 C:\Users\pedri\yii\framework\web\CWebApplication.php(282): SiteController->run()
#20 C:\Users\pedri\yii\framework\web\CWebApplication.php(141): CWebApplication->runController()
#21 C:\Users\pedri\yii\framework\base\CApplication.php(185): CWebApplication->processRequest()
#22 C:\wamp\www\Booking\index.php(13): CWebApplication->run()
REQUEST_URI=/booking/index.php?r=site/login
in C:\wamp\www\Booking\protected\views\layouts\main.php (13)
in C:\wamp\www\Booking\protected\views\layouts\column1.php (6)
in C:\wamp\www\Booking\protected\controllers\SiteController.php (98)
2021/12/10 18:07:12 [error] [php] Object of class CHttpRequest could not be converted to string (C:\wamp\www\Booking\protected\views\layouts\main.php:2)
Stack trace:
#0 C:\Users\pedri\yii\framework\web\CBaseController.php(126): require()
#1 C:\Users\pedri\yii\framework\web\CBaseController.php(95): SiteController->renderInternal()
#2 C:\Users\pedri\yii\framework\web\widgets\CContentDecorator.php(76): SiteController->renderFile()
#3 C:\Users\pedri\yii\framework\web\widgets\CContentDecorator.php(54): CContentDecorator->decorate()
#4 C:\Users\pedri\yii\framework\web\widgets\COutputProcessor.php(44): CContentDecorator->processOutput()
#5 C:\Users\pedri\yii\framework\web\CBaseController.php(215): CContentDecorator->run()
#6 C:\Users\pedri\yii\framework\web\CBaseController.php(309): SiteController->endWidget()
#7 C:\wamp\www\Booking\protected\views\layouts\column1.php(6): SiteController->endContent()
#8 C:\Users\pedri\yii\framework\web\CBaseController.php(126): require()
#9 C:\Users\pedri\yii\framework\web\CBaseController.php(95): SiteController->renderInternal()
#10 C:\Users\pedri\yii\framework\web\CController.php(787): SiteController->renderFile()
#11 C:\wamp\www\Booking\protected\controllers\SiteController.php(98): SiteController->render()
#12 C:\Users\pedri\yii\framework\web\actions\CInlineAction.php(49): SiteController->actionLogin()
#13 C:\Users\pedri\yii\framework\web\CController.php(308): CInlineAction->runWithParams()
#14 C:\Users\pedri\yii\framework\web\CController.php(286): SiteController->runAction()
#15 C:\Users\pedri\yii\framework\web\CController.php(265): SiteController->runActionWithFilters()
#16 C:\Users\pedri\yii\framework\web\CWebApplication.php(282): SiteController->run()
#17 C:\Users\pedri\yii\framework\web\CWebApplication.php(141): CWebApplication->runController()
#18 C:\Users\pedri\yii\framework\base\CApplication.php(185): CWebApplication->processRequest()
#19 C:\wamp\www\Booking\index.php(13): CWebApplication->run()
REQUEST_URI=/booking/index.php?r=site/login
in C:\wamp\www\Booking\protected\views\layouts\main.php (2)
in C:\wamp\www\Booking\protected\views\layouts\column1.php (6)
in C:\wamp\www\Booking\protected\controllers\SiteController.php (98)
2021/12/10 19:05:24 [error] [exception.CException] CException: Property "UserIdentity.id" is read only. in C:\Users\pedri\yii\framework\base\CComponent.php:170
Stack trace:
#0 C:\wamp\www\Booking\protected\components\UserIdentity.php(29): CComponent->__set('id', '1')
#1 C:\wamp\www\Booking\protected\models\LoginForm.php(54): UserIdentity->authenticate()
#2 C:\Users\pedri\yii\framework\validators\CInlineValidator.php(42): LoginForm->authenticate('password', Array)
#3 C:\Users\pedri\yii\framework\validators\CValidator.php(201): CInlineValidator->validateAttribute(Object(LoginForm), 'password')
#4 C:\Users\pedri\yii\framework\base\CModel.php(159): CValidator->validate(Object(LoginForm), Array)
#5 C:\wamp\www\Booking\protected\controllers\SiteController.php(92): CModel->validate()
#6 C:\Users\pedri\yii\framework\web\actions\CInlineAction.php(49): SiteController->actionLogin()
#7 C:\Users\pedri\yii\framework\web\CController.php(308): CInlineAction->runWithParams(Array)
#8 C:\Users\pedri\yii\framework\web\CController.php(286): CController->runAction(Object(CInlineAction))
#9 C:\Users\pedri\yii\framework\web\CController.php(265): CController->runActionWithFilters(Object(CInlineAction), Array)
#10 C:\Users\pedri\yii\framework\web\CWebApplication.php(282): CController->run('login')
#11 C:\Users\pedri\yii\framework\web\CWebApplication.php(141): CWebApplication->runController('site/login')
#12 C:\Users\pedri\yii\framework\base\CApplication.php(185): CWebApplication->processRequest()
#13 C:\wamp\www\Booking\index.php(13): CApplication->run()
#14 {main}
REQUEST_URI=/booking/index.php?r=site/login
HTTP_REFERER=http://localhost/booking/index.php?r=site/login
---
2021/12/10 19:06:13 [error] [exception.CException] CException: Property "UserIdentity.id" is read only. in C:\Users\pedri\yii\framework\base\CComponent.php:170
Stack trace:
#0 C:\wamp\www\Booking\protected\components\UserIdentity.php(29): CComponent->__set('id', '1')
#1 C:\wamp\www\Booking\protected\models\LoginForm.php(54): UserIdentity->authenticate()
#2 C:\Users\pedri\yii\framework\validators\CInlineValidator.php(42): LoginForm->authenticate('password', Array)
#3 C:\Users\pedri\yii\framework\validators\CValidator.php(201): CInlineValidator->validateAttribute(Object(LoginForm), 'password')
#4 C:\Users\pedri\yii\framework\base\CModel.php(159): CValidator->validate(Object(LoginForm), Array)
#5 C:\wamp\www\Booking\protected\controllers\SiteController.php(92): CModel->validate()
#6 C:\Users\pedri\yii\framework\web\actions\CInlineAction.php(49): SiteController->actionLogin()
#7 C:\Users\pedri\yii\framework\web\CController.php(308): CInlineAction->runWithParams(Array)
#8 C:\Users\pedri\yii\framework\web\CController.php(286): CController->runAction(Object(CInlineAction))
#9 C:\Users\pedri\yii\framework\web\CController.php(265): CController->runActionWithFilters(Object(CInlineAction), Array)
#10 C:\Users\pedri\yii\framework\web\CWebApplication.php(282): CController->run('login')
#11 C:\Users\pedri\yii\framework\web\CWebApplication.php(141): CWebApplication->runController('site/login')
#12 C:\Users\pedri\yii\framework\base\CApplication.php(185): CWebApplication->processRequest()
#13 C:\wamp\www\Booking\index.php(13): CApplication->run()
#14 {main}
REQUEST_URI=/booking/index.php?r=site/login
HTTP_REFERER=http://localhost/booking/index.php?r=site/login
---
2021/12/10 19:12:17 [error] [exception.CException] CException: User and its behaviors do not have a method or closure named "login". in C:\Users\pedri\yii\framework\base\CComponent.php:266
Stack trace:
#0 C:\Users\pedri\yii\framework\db\ar\CActiveRecord.php(229): CComponent->__call('login', Array)
#1 C:\wamp\www\Booking\protected\controllers\SiteController.php(93): CActiveRecord->__call('login', Array)
#2 C:\Users\pedri\yii\framework\web\actions\CInlineAction.php(49): SiteController->actionLogin()
#3 C:\Users\pedri\yii\framework\web\CController.php(308): CInlineAction->runWithParams(Array)
#4 C:\Users\pedri\yii\framework\web\CController.php(286): CController->runAction(Object(CInlineAction))
#5 C:\Users\pedri\yii\framework\web\CController.php(265): CController->runActionWithFilters(Object(CInlineAction), Array)
#6 C:\Users\pedri\yii\framework\web\CWebApplication.php(282): CController->run('login')
#7 C:\Users\pedri\yii\framework\web\CWebApplication.php(141): CWebApplication->runController('site/login')
#8 C:\Users\pedri\yii\framework\base\CApplication.php(185): CWebApplication->processRequest()
#9 C:\wamp\www\Booking\index.php(13): CApplication->run()
#10 {main}
REQUEST_URI=/booking/index.php?r=site/login
HTTP_REFERER=http://localhost/booking/index.php?r=site/login
---
2021/12/10 19:14:01 [error] [exception.CException] CException: Property "UserIdentity.id" is read only. in C:\Users\pedri\yii\framework\base\CComponent.php:170
Stack trace:
#0 C:\wamp\www\Booking\protected\components\UserIdentity.php(29): CComponent->__set('id', '1')
#1 C:\wamp\www\Booking\protected\models\LoginForm.php(55): UserIdentity->authenticate()
#2 C:\Users\pedri\yii\framework\validators\CInlineValidator.php(42): LoginForm->authenticate('password', Array)
#3 C:\Users\pedri\yii\framework\validators\CValidator.php(201): CInlineValidator->validateAttribute(Object(LoginForm), 'password')
#4 C:\Users\pedri\yii\framework\base\CModel.php(159): CValidator->validate(Object(LoginForm), Array)
#5 C:\wamp\www\Booking\protected\controllers\SiteController.php(92): CModel->validate()
#6 C:\Users\pedri\yii\framework\web\actions\CInlineAction.php(49): SiteController->actionLogin()
#7 C:\Users\pedri\yii\framework\web\CController.php(308): CInlineAction->runWithParams(Array)
#8 C:\Users\pedri\yii\framework\web\CController.php(286): CController->runAction(Object(CInlineAction))
#9 C:\Users\pedri\yii\framework\web\CController.php(265): CController->runActionWithFilters(Object(CInlineAction), Array)
#10 C:\Users\pedri\yii\framework\web\CWebApplication.php(282): CController->run('login')
#11 C:\Users\pedri\yii\framework\web\CWebApplication.php(141): CWebApplication->runController('site/login')
#12 C:\Users\pedri\yii\framework\base\CApplication.php(185): CWebApplication->processRequest()
#13 C:\wamp\www\Booking\index.php(13): CApplication->run()
#14 {main}
REQUEST_URI=/booking/index.php?r=site/login
HTTP_REFERER=http://localhost/booking/index.php?r=site/login
---
2021/12/10 19:14:23 [error] [php] Undefined property: UserIdentity::$id (C:\wamp\www\Booking\protected\components\UserIdentity.php:37)
Stack trace:
#0 C:\Users\pedri\yii\framework\base\CComponent.php(111): UserIdentity->getId()
#1 C:\wamp\www\Booking\protected\components\UserIdentity.php(37): UserIdentity->__get()
#2 C:\Users\pedri\yii\framework\web\auth\CWebUser.php(231): UserIdentity->getId()
#3 C:\wamp\www\Booking\protected\models\LoginForm.php(74): CWebUser->login()
#4 C:\wamp\www\Booking\protected\controllers\SiteController.php(92): LoginForm->login()
#5 C:\Users\pedri\yii\framework\web\actions\CInlineAction.php(49): SiteController->actionLogin()
#6 C:\Users\pedri\yii\framework\web\CController.php(308): CInlineAction->runWithParams()
#7 C:\Users\pedri\yii\framework\web\CController.php(286): SiteController->runAction()
#8 C:\Users\pedri\yii\framework\web\CController.php(265): SiteController->runActionWithFilters()
#9 C:\Users\pedri\yii\framework\web\CWebApplication.php(282): SiteController->run()
#10 C:\Users\pedri\yii\framework\web\CWebApplication.php(141): CWebApplication->runController()
#11 C:\Users\pedri\yii\framework\base\CApplication.php(185): CWebApplication->processRequest()
#12 C:\wamp\www\Booking\index.php(13): CWebApplication->run()
REQUEST_URI=/booking/index.php?r=site/login
in C:\wamp\www\Booking\protected\components\UserIdentity.php (37)
in C:\wamp\www\Booking\protected\components\UserIdentity.php (37)
in C:\wamp\www\Booking\protected\models\LoginForm.php (74)
2021/12/10 19:15:36 [error] [php] Undefined property: UserIdentity::$id (C:\wamp\www\Booking\protected\components\UserIdentity.php:38)
Stack trace:
#0 C:\Users\pedri\yii\framework\base\CComponent.php(111): UserIdentity->getId()
#1 C:\wamp\www\Booking\protected\components\UserIdentity.php(29): UserIdentity->__get()
#2 C:\wamp\www\Booking\protected\models\LoginForm.php(54): UserIdentity->authenticate()
#3 C:\Users\pedri\yii\framework\validators\CInlineValidator.php(42): LoginForm->authenticate()
#4 C:\Users\pedri\yii\framework\validators\CValidator.php(201): CInlineValidator->validateAttribute()
#5 C:\Users\pedri\yii\framework\base\CModel.php(159): CInlineValidator->validate()
#6 C:\wamp\www\Booking\protected\controllers\SiteController.php(92): LoginForm->validate()
#7 C:\Users\pedri\yii\framework\web\actions\CInlineAction.php(49): SiteController->actionLogin()
#8 C:\Users\pedri\yii\framework\web\CController.php(308): CInlineAction->runWithParams()
#9 C:\Users\pedri\yii\framework\web\CController.php(286): SiteController->runAction()
#10 C:\Users\pedri\yii\framework\web\CController.php(265): SiteController->runActionWithFilters()
#11 C:\Users\pedri\yii\framework\web\CWebApplication.php(282): SiteController->run()
#12 C:\Users\pedri\yii\framework\web\CWebApplication.php(141): CWebApplication->runController()
#13 C:\Users\pedri\yii\framework\base\CApplication.php(185): CWebApplication->processRequest()
#14 C:\wamp\www\Booking\index.php(13): CWebApplication->run()
REQUEST_URI=/booking/index.php?r=site/login
in C:\wamp\www\Booking\protected\components\UserIdentity.php (38)
in C:\wamp\www\Booking\protected\components\UserIdentity.php (29)
in C:\wamp\www\Booking\protected\models\LoginForm.php (54)
2021/12/10 19:16:11 [error] [php] Undefined property: UserIdentity::$id (C:\wamp\www\Booking\protected\components\UserIdentity.php:38)
Stack trace:
#0 C:\Users\pedri\yii\framework\base\CComponent.php(111): UserIdentity->getId()
#1 C:\wamp\www\Booking\protected\components\UserIdentity.php(29): UserIdentity->__get()
#2 C:\wamp\www\Booking\protected\models\LoginForm.php(55): UserIdentity->authenticate()
#3 C:\Users\pedri\yii\framework\validators\CInlineValidator.php(42): LoginForm->authenticate()
#4 C:\Users\pedri\yii\framework\validators\CValidator.php(201): CInlineValidator->validateAttribute()
#5 C:\Users\pedri\yii\framework\base\CModel.php(159): CInlineValidator->validate()
#6 C:\wamp\www\Booking\protected\controllers\SiteController.php(92): LoginForm->validate()
#7 C:\Users\pedri\yii\framework\web\actions\CInlineAction.php(49): SiteController->actionLogin()
#8 C:\Users\pedri\yii\framework\web\CController.php(308): CInlineAction->runWithParams()
#9 C:\Users\pedri\yii\framework\web\CController.php(286): SiteController->runAction()
#10 C:\Users\pedri\yii\framework\web\CController.php(265): SiteController->runActionWithFilters()
#11 C:\Users\pedri\yii\framework\web\CWebApplication.php(282): SiteController->run()
#12 C:\Users\pedri\yii\framework\web\CWebApplication.php(141): CWebApplication->runController()
#13 C:\Users\pedri\yii\framework\base\CApplication.php(185): CWebApplication->processRequest()
#14 C:\wamp\www\Booking\index.php(13): CWebApplication->run()
REQUEST_URI=/booking/index.php?r=site/login
in C:\wamp\www\Booking\protected\components\UserIdentity.php (38)
in C:\wamp\www\Booking\protected\components\UserIdentity.php (29)
in C:\wamp\www\Booking\protected\models\LoginForm.php (55)
2021/12/10 19:17:42 [error] [exception.CException] CException: Property "UserIdentity.id" is read only. in C:\Users\pedri\yii\framework\base\CComponent.php:170
Stack trace:
#0 C:\wamp\www\Booking\protected\components\UserIdentity.php(29): CComponent->__set('id', '1')
#1 C:\wamp\www\Booking\protected\models\LoginForm.php(55): UserIdentity->authenticate()
#2 C:\Users\pedri\yii\framework\validators\CInlineValidator.php(42): LoginForm->authenticate('password', Array)
#3 C:\Users\pedri\yii\framework\validators\CValidator.php(201): CInlineValidator->validateAttribute(Object(LoginForm), 'password')
#4 C:\Users\pedri\yii\framework\base\CModel.php(159): CValidator->validate(Object(LoginForm), Array)
#5 C:\wamp\www\Booking\protected\controllers\SiteController.php(92): CModel->validate()
#6 C:\Users\pedri\yii\framework\web\actions\CInlineAction.php(49): SiteController->actionLogin()
#7 C:\Users\pedri\yii\framework\web\CController.php(308): CInlineAction->runWithParams(Array)
#8 C:\Users\pedri\yii\framework\web\CController.php(286): CController->runAction(Object(CInlineAction))
#9 C:\Users\pedri\yii\framework\web\CController.php(265): CController->runActionWithFilters(Object(CInlineAction), Array)
#10 C:\Users\pedri\yii\framework\web\CWebApplication.php(282): CController->run('login')
#11 C:\Users\pedri\yii\framework\web\CWebApplication.php(141): CWebApplication->runController('site/login')
#12 C:\Users\pedri\yii\framework\base\CApplication.php(185): CWebApplication->processRequest()
#13 C:\wamp\www\Booking\index.php(13): CApplication->run()
#14 {main}
REQUEST_URI=/booking/index.php?r=site/login
HTTP_REFERER=http://localhost/booking/index.php?r=site/login
---
2021/12/10 19:20:49 [error] [exception.CException] CException: Property "UserIdentity.id" is read only. in C:\Users\pedri\yii\framework\base\CComponent.php:170
Stack trace:
#0 C:\wamp\www\Booking\protected\components\UserIdentity.php(29): CComponent->__set('id', '1')
#1 C:\wamp\www\Booking\protected\models\LoginForm.php(54): UserIdentity->authenticate()
#2 C:\Users\pedri\yii\framework\validators\CInlineValidator.php(42): LoginForm->authenticate('password', Array)
#3 C:\Users\pedri\yii\framework\validators\CValidator.php(201): CInlineValidator->validateAttribute(Object(LoginForm), 'password')
#4 C:\Users\pedri\yii\framework\base\CModel.php(159): CValidator->validate(Object(LoginForm), Array)
#5 C:\wamp\www\Booking\protected\controllers\SiteController.php(92): CModel->validate()
#6 C:\Users\pedri\yii\framework\web\actions\CInlineAction.php(49): SiteController->actionLogin()
#7 C:\Users\pedri\yii\framework\web\CController.php(308): CInlineAction->runWithParams(Array)
#8 C:\Users\pedri\yii\framework\web\CController.php(286): CController->runAction(Object(CInlineAction))
#9 C:\Users\pedri\yii\framework\web\CController.php(265): CController->runActionWithFilters(Object(CInlineAction), Array)
#10 C:\Users\pedri\yii\framework\web\CWebApplication.php(282): CController->run('login')
#11 C:\Users\pedri\yii\framework\web\CWebApplication.php(141): CWebApplication->runController('site/login')
#12 C:\Users\pedri\yii\framework\base\CApplication.php(185): CWebApplication->processRequest()
#13 C:\wamp\www\Booking\index.php(13): CApplication->run()
#14 {main}
REQUEST_URI=/booking/index.php?r=site/login
HTTP_REFERER=http://localhost/booking/index.php?r=site/login
---
2021/12/10 19:21:12 [error] [exception.CException] CException: Property "UserIdentity.id" is read only. in C:\Users\pedri\yii\framework\base\CComponent.php:170
Stack trace:
#0 C:\wamp\www\Booking\protected\components\UserIdentity.php(29): CComponent->__set('id', 1)
#1 C:\wamp\www\Booking\protected\models\LoginForm.php(54): UserIdentity->authenticate()
#2 C:\Users\pedri\yii\framework\validators\CInlineValidator.php(42): LoginForm->authenticate('password', Array)
#3 C:\Users\pedri\yii\framework\validators\CValidator.php(201): CInlineValidator->validateAttribute(Object(LoginForm), 'password')
#4 C:\Users\pedri\yii\framework\base\CModel.php(159): CValidator->validate(Object(LoginForm), Array)
#5 C:\wamp\www\Booking\protected\controllers\SiteController.php(92): CModel->validate()
#6 C:\Users\pedri\yii\framework\web\actions\CInlineAction.php(49): SiteController->actionLogin()
#7 C:\Users\pedri\yii\framework\web\CController.php(308): CInlineAction->runWithParams(Array)
#8 C:\Users\pedri\yii\framework\web\CController.php(286): CController->runAction(Object(CInlineAction))
#9 C:\Users\pedri\yii\framework\web\CController.php(265): CController->runActionWithFilters(Object(CInlineAction), Array)
#10 C:\Users\pedri\yii\framework\web\CWebApplication.php(282): CController->run('login')
#11 C:\Users\pedri\yii\framework\web\CWebApplication.php(141): CWebApplication->runController('site/login')
#12 C:\Users\pedri\yii\framework\base\CApplication.php(185): CWebApplication->processRequest()
#13 C:\wamp\www\Booking\index.php(13): CApplication->run()
#14 {main}
REQUEST_URI=/booking/index.php?r=site/login
HTTP_REFERER=http://localhost/booking/index.php?r=site/login
---
2021/12/10 19:22:36 [error] [exception.CException] CException: Property "UserIdentity.id" is read only. in C:\Users\pedri\yii\framework\base\CComponent.php:170
Stack trace:
#0 C:\wamp\www\Booking\protected\components\UserIdentity.php(29): CComponent->__set('id', '1')
#1 C:\wamp\www\Booking\protected\models\LoginForm.php(54): UserIdentity->authenticate()
#2 C:\Users\pedri\yii\framework\validators\CInlineValidator.php(42): LoginForm->authenticate('password', Array)
#3 C:\Users\pedri\yii\framework\validators\CValidator.php(201): CInlineValidator->validateAttribute(Object(LoginForm), 'password')
#4 C:\Users\pedri\yii\framework\base\CModel.php(159): CValidator->validate(Object(LoginForm), Array)
#5 C:\wamp\www\Booking\protected\controllers\SiteController.php(92): CModel->validate()
#6 C:\Users\pedri\yii\framework\web\actions\CInlineAction.php(49): SiteController->actionLogin()
#7 C:\Users\pedri\yii\framework\web\CController.php(308): CInlineAction->runWithParams(Array)
#8 C:\Users\pedri\yii\framework\web\CController.php(286): CController->runAction(Object(CInlineAction))
#9 C:\Users\pedri\yii\framework\web\CController.php(265): CController->runActionWithFilters(Object(CInlineAction), Array)
#10 C:\Users\pedri\yii\framework\web\CWebApplication.php(282): CController->run('login')
#11 C:\Users\pedri\yii\framework\web\CWebApplication.php(141): CWebApplication->runController('site/login')
#12 C:\Users\pedri\yii\framework\base\CApplication.php(185): CWebApplication->processRequest()
#13 C:\wamp\www\Booking\index.php(13): CApplication->run()
#14 {main}
REQUEST_URI=/booking/index.php?r=site/login
HTTP_REFERER=http://localhost/booking/index.php?r=site/login
---
2021/12/10 20:29:49 [error] [exception.CException] CException: CWebUser and its behaviors do not have a method or closure named "getData". in C:\Users\pedri\yii\framework\base\CComponent.php:266
Stack trace:
#0 C:\wamp\www\Booking\protected\views\layouts\main.php(2): CComponent->__call('getData', Array)
#1 C:\Users\pedri\yii\framework\web\CBaseController.php(126): require('C:\\wamp\\www\\Boo...')
#2 C:\Users\pedri\yii\framework\web\CBaseController.php(95): CBaseController->renderInternal('C:\\wamp\\www\\Boo...', Array, true)
#3 C:\Users\pedri\yii\framework\web\widgets\CContentDecorator.php(76): CBaseController->renderFile('C:\\wamp\\www\\Boo...', Array, true)
#4 C:\Users\pedri\yii\framework\web\widgets\CContentDecorator.php(54): CContentDecorator->decorate('<div id="conten...')
#5 C:\Users\pedri\yii\framework\web\widgets\COutputProcessor.php(44): CContentDecorator->processOutput('<div id="conten...')
#6 C:\Users\pedri\yii\framework\web\CBaseController.php(215): COutputProcessor->run()
#7 C:\Users\pedri\yii\framework\web\CBaseController.php(309): CBaseController->endWidget('CContentDecorat...')
#8 C:\wamp\www\Booking\protected\views\layouts\column1.php(6): CBaseController->endContent()
#9 C:\Users\pedri\yii\framework\web\CBaseController.php(126): require('C:\\wamp\\www\\Boo...')
#10 C:\Users\pedri\yii\framework\web\CBaseController.php(95): CBaseController->renderInternal('C:\\wamp\\www\\Boo...', Array, true)
#11 C:\Users\pedri\yii\framework\web\CController.php(787): CBaseController->renderFile('C:\\wamp\\www\\Boo...', Array, true)
#12 C:\wamp\www\Booking\protected\controllers\SiteController.php(32): CController->render('index')
#13 C:\Users\pedri\yii\framework\web\actions\CInlineAction.php(49): SiteController->actionIndex()
#14 C:\Users\pedri\yii\framework\web\CController.php(308): CInlineAction->runWithParams(Array)
#15 C:\Users\pedri\yii\framework\web\CController.php(286): CController->runAction(Object(CInlineAction))
#16 C:\Users\pedri\yii\framework\web\CController.php(265): CController->runActionWithFilters(Object(CInlineAction), Array)
#17 C:\Users\pedri\yii\framework\web\CWebApplication.php(282): CController->run('index')
#18 C:\Users\pedri\yii\framework\web\CWebApplication.php(141): CWebApplication->runController('site/index')
#19 C:\Users\pedri\yii\framework\base\CApplication.php(185): CWebApplication->processRequest()
#20 C:\wamp\www\Booking\index.php(13): CApplication->run()
#21 {main}
REQUEST_URI=/booking/index.php?r=site/index
HTTP_REFERER=http://localhost/booking/index.php?r=site/login
---
2021/12/10 20:41:20 [error] [exception.CException] CException: Property "UserIdentity.id" is read only. in C:\Users\pedri\yii\framework\base\CComponent.php:170
Stack trace:
#0 C:\wamp\www\Booking\protected\components\UserIdentity.php(29): CComponent->__set('id', '1')
#1 C:\wamp\www\Booking\protected\models\LoginForm.php(54): UserIdentity->authenticate()
#2 C:\Users\pedri\yii\framework\validators\CInlineValidator.php(42): LoginForm->authenticate('password', Array)
#3 C:\Users\pedri\yii\framework\validators\CValidator.php(201): CInlineValidator->validateAttribute(Object(LoginForm), 'password')
#4 C:\Users\pedri\yii\framework\base\CModel.php(159): CValidator->validate(Object(LoginForm), Array)
#5 C:\wamp\www\Booking\protected\controllers\SiteController.php(89): CModel->validate()
#6 C:\Users\pedri\yii\framework\web\actions\CInlineAction.php(49): SiteController->actionLogin()
#7 C:\Users\pedri\yii\framework\web\CController.php(308): CInlineAction->runWithParams(Array)
#8 C:\Users\pedri\yii\framework\web\CController.php(286): CController->runAction(Object(CInlineAction))
#9 C:\Users\pedri\yii\framework\web\CController.php(265): CController->runActionWithFilters(Object(CInlineAction), Array)
#10 C:\Users\pedri\yii\framework\web\CWebApplication.php(282): CController->run('login')
#11 C:\Users\pedri\yii\framework\web\CWebApplication.php(141): CWebApplication->runController('site/login')
#12 C:\Users\pedri\yii\framework\base\CApplication.php(185): CWebApplication->processRequest()
#13 C:\wamp\www\Booking\index.php(13): CApplication->run()
#14 {main}
REQUEST_URI=/booking/index.php?r=site/login
HTTP_REFERER=http://localhost/booking/index.php?r=site/login
---
